<?xml version="1.0" encoding="UTF-8"?>
<!-- Generated by org.testng.reporters.JUnitXMLReporter -->
<testsuite ignored="0" hostname="ROHAN-KALE" failures="0" tests="3" name="SeleniumTesting" time="81.579" errors="0" timestamp="04 Mar 2022 10:19:00 GMT">
  <testcase classname="TestSuites.TestCases" name="carwash" time="18.585"/>
  <testcase classname="TestSuites.TestCases" name="listing" time="20.396"/>
  <testcase classname="TestSuites.TestCases" name="retrieve" time="20.326"/>
</testsuite> <!-- SeleniumTesting -->
