<?xml version="1.0" encoding="UTF-8"?>
<testng-results ignored="0" total="3" passed="3" failed="0" skipped="0">
  <reporter-output>
  </reporter-output>
  <suite started-at="2022-03-22T13:05:31Z" name="Default suite" finished-at="2022-03-22T13:05:53Z" duration-ms="21947">
    <groups>
    </groups>
    <test started-at="2022-03-22T13:05:31Z" name="Default test" finished-at="2022-03-22T13:05:53Z" duration-ms="21947">
      <class name="TestSuites.TestCases">
        <test-method is-config="true" signature="invokeBrowser()[pri:0, instance:TestSuites.TestCases@6dd7b5a3]" started-at="2022-03-22T13:05:31Z" name="invokeBrowser" finished-at="2022-03-22T13:05:33Z" duration-ms="1456" status="PASS">
          <reporter-output>
          </reporter-output>
        </test-method> <!-- invokeBrowser -->
        <test-method signature="carwash()[pri:1, instance:TestSuites.TestCases@6dd7b5a3]" started-at="2022-03-22T13:05:33Z" name="carwash" finished-at="2022-03-22T13:05:45Z" duration-ms="12488" status="PASS">
          <reporter-output>
          </reporter-output>
        </test-method> <!-- carwash -->
        <test-method signature="listing()[pri:2, instance:TestSuites.TestCases@6dd7b5a3]" started-at="2022-03-22T13:05:45Z" name="listing" finished-at="2022-03-22T13:05:49Z" duration-ms="3338" status="PASS">
          <reporter-output>
          </reporter-output>
        </test-method> <!-- listing -->
        <test-method signature="retrieve()[pri:3, instance:TestSuites.TestCases@6dd7b5a3]" started-at="2022-03-22T13:05:49Z" name="retrieve" finished-at="2022-03-22T13:05:52Z" duration-ms="3366" status="PASS">
          <reporter-output>
          </reporter-output>
        </test-method> <!-- retrieve -->
        <test-method is-config="true" signature="closeBrowser()[pri:0, instance:TestSuites.TestCases@6dd7b5a3]" started-at="2022-03-22T13:05:52Z" name="closeBrowser" finished-at="2022-03-22T13:05:53Z" duration-ms="1281" status="PASS">
          <reporter-output>
          </reporter-output>
        </test-method> <!-- closeBrowser -->
      </class> <!-- TestSuites.TestCases -->
    </test> <!-- Default test -->
  </suite> <!-- Default suite -->
</testng-results>
