<?xml version="1.0" encoding="UTF-8"?>
<!-- Generated by org.testng.reporters.JUnitXMLReporter -->
<testsuite ignored="0" hostname="LAPTOP-DLE01V7J" failures="0" tests="3" name="Default test" time="21.947" errors="0" timestamp="22 Mar 2022 13:05:53 GMT">
  <testcase classname="TestSuites.TestCases" name="carwash" time="12.488"/>
  <testcase classname="TestSuites.TestCases" name="listing" time="3.338"/>
  <testcase classname="TestSuites.TestCases" name="retrieve" time="3.366"/>
</testsuite> <!-- Default test -->
